2025-09-17 14:55:30.798 [main] INFO  c.h.HsmyApplication - [logStarting,55] - Starting HsmyApplication using Java 1.8.0_201 on USER-20201216BR with PID 21256 (F:\ftxy_project\HSMY\target\classes started by Administrator in F:\ftxy_project\HSMY)
2025-09-17 14:55:30.806 [main] INFO  c.h.HsmyApplication - [logStartupProfileInfo,637] - The following 1 profile is active: "dev"
2025-09-17 14:55:30.815 [background-preinit] INFO  o.h.v.i.util.Version - [<clinit>,21] - HV000001: Hibernate Validator 6.2.5.Final
2025-09-17 14:55:34.855 [main] INFO  o.a.c.h.Http11NioProtocol - [log,173] - Initializing ProtocolHandler ["http-nio-8080"]
2025-09-17 14:55:34.859 [main] INFO  o.a.c.c.StandardService - [log,173] - Starting service [Tomcat]
2025-09-17 14:55:34.860 [main] INFO  o.a.c.c.StandardEngine - [log,173] - Starting Servlet engine: [Apache Tomcat/9.0.78]
2025-09-17 14:55:35.135 [main] INFO  o.a.c.c.C.[.[.[/api] - [log,173] - Initializing Spring embedded WebApplicationContext
2025-09-17 14:55:36.690 [main] INFO  c.a.d.s.b.a.DruidDataSourceAutoConfigure - [dataSource,55] - Init DruidDataSource
2025-09-17 14:55:37.542 [main] INFO  c.a.d.p.DruidDataSource - [init,1010] - {dataSource-1} inited
2025-09-17 14:55:37.546 [Druid-ConnectionPool-Create-908139452] INFO  c.a.d.p.DruidAbstractDataSource - [setFailContinuous,1882] - {dataSource-1} failContinuous is true
2025-09-17 14:55:37.632 [main] INFO  o.a.c.c.StandardService - [log,173] - Stopping service [Tomcat]
2025-09-17 14:55:50.910 [background-preinit] INFO  o.h.v.i.util.Version - [<clinit>,21] - HV000001: Hibernate Validator 6.2.5.Final
2025-09-17 14:55:50.917 [main] INFO  c.h.HsmyApplication - [logStarting,55] - Starting HsmyApplication using Java 1.8.0_201 on USER-20201216BR with PID 11148 (F:\ftxy_project\HSMY\target\classes started by Administrator in F:\ftxy_project\HSMY)
2025-09-17 14:55:50.919 [main] INFO  c.h.HsmyApplication - [logStartupProfileInfo,637] - The following 1 profile is active: "dev"
2025-09-17 14:55:53.108 [main] INFO  o.a.c.h.Http11NioProtocol - [log,173] - Initializing ProtocolHandler ["http-nio-8080"]
2025-09-17 14:55:53.110 [main] INFO  o.a.c.c.StandardService - [log,173] - Starting service [Tomcat]
2025-09-17 14:55:53.110 [main] INFO  o.a.c.c.StandardEngine - [log,173] - Starting Servlet engine: [Apache Tomcat/9.0.78]
2025-09-17 14:55:53.336 [main] INFO  o.a.c.c.C.[.[.[/api] - [log,173] - Initializing Spring embedded WebApplicationContext
2025-09-17 14:55:54.186 [main] INFO  c.a.d.s.b.a.DruidDataSourceAutoConfigure - [dataSource,55] - Init DruidDataSource
2025-09-17 14:55:54.627 [main] INFO  c.a.d.p.DruidDataSource - [init,1010] - {dataSource-1} inited
2025-09-17 14:55:54.633 [Druid-ConnectionPool-Create-501741720] INFO  c.a.d.p.DruidAbstractDataSource - [setFailContinuous,1882] - {dataSource-1} failContinuous is true
2025-09-17 14:55:54.681 [main] INFO  o.a.c.c.StandardService - [log,173] - Stopping service [Tomcat]
2025-09-17 14:57:32.213 [background-preinit] INFO  o.h.v.i.util.Version - [<clinit>,21] - HV000001: Hibernate Validator 6.2.5.Final
2025-09-17 14:57:32.224 [main] INFO  c.h.HsmyApplication - [logStarting,55] - Starting HsmyApplication using Java 1.8.0_201 on USER-20201216BR with PID 18784 (F:\ftxy_project\HSMY\target\classes started by Administrator in F:\ftxy_project\HSMY)
2025-09-17 14:57:32.225 [main] INFO  c.h.HsmyApplication - [logStartupProfileInfo,637] - The following 1 profile is active: "dev"
2025-09-17 14:57:34.116 [main] INFO  o.a.c.h.Http11NioProtocol - [log,173] - Initializing ProtocolHandler ["http-nio-8080"]
2025-09-17 14:57:34.119 [main] INFO  o.a.c.c.StandardService - [log,173] - Starting service [Tomcat]
2025-09-17 14:57:34.119 [main] INFO  o.a.c.c.StandardEngine - [log,173] - Starting Servlet engine: [Apache Tomcat/9.0.78]
2025-09-17 14:57:34.344 [main] INFO  o.a.c.c.C.[.[.[/api] - [log,173] - Initializing Spring embedded WebApplicationContext
2025-09-17 14:57:35.142 [main] INFO  c.a.d.s.b.a.DruidDataSourceAutoConfigure - [dataSource,55] - Init DruidDataSource
2025-09-17 14:57:35.884 [main] INFO  c.a.d.p.DruidDataSource - [init,1010] - {dataSource-1} inited
2025-09-17 14:57:39.375 [main] INFO  c.a.d.p.DruidDataSource - [close,2170] - {dataSource-1} closing ...
2025-09-17 14:57:39.400 [main] INFO  c.a.d.p.DruidDataSource - [close,2243] - {dataSource-1} closed
2025-09-17 14:57:39.483 [main] INFO  o.a.c.c.StandardService - [log,173] - Stopping service [Tomcat]
2025-09-17 14:58:52.687 [background-preinit] INFO  o.h.v.i.util.Version - [<clinit>,21] - HV000001: Hibernate Validator 6.2.5.Final
2025-09-17 14:58:52.695 [main] INFO  c.h.HsmyApplication - [logStarting,55] - Starting HsmyApplication using Java 1.8.0_201 on USER-20201216BR with PID 8408 (F:\ftxy_project\HSMY\target\classes started by Administrator in F:\ftxy_project\HSMY)
2025-09-17 14:58:52.709 [main] INFO  c.h.HsmyApplication - [logStartupProfileInfo,637] - The following 1 profile is active: "dev"
2025-09-17 14:58:57.001 [main] INFO  o.a.c.h.Http11NioProtocol - [log,173] - Initializing ProtocolHandler ["http-nio-8080"]
2025-09-17 14:58:57.007 [main] INFO  o.a.c.c.StandardService - [log,173] - Starting service [Tomcat]
2025-09-17 14:58:57.007 [main] INFO  o.a.c.c.StandardEngine - [log,173] - Starting Servlet engine: [Apache Tomcat/9.0.78]
2025-09-17 14:58:57.244 [main] INFO  o.a.c.c.C.[.[.[/api] - [log,173] - Initializing Spring embedded WebApplicationContext
2025-09-17 14:58:58.304 [main] INFO  c.a.d.s.b.a.DruidDataSourceAutoConfigure - [dataSource,55] - Init DruidDataSource
2025-09-17 14:58:59.191 [main] INFO  c.a.d.p.DruidDataSource - [init,1010] - {dataSource-1} inited
2025-09-17 14:59:01.252 [main] INFO  c.a.d.p.DruidDataSource - [close,2170] - {dataSource-1} closing ...
2025-09-17 14:59:01.263 [main] INFO  c.a.d.p.DruidDataSource - [close,2243] - {dataSource-1} closed
2025-09-17 14:59:01.341 [main] INFO  o.a.c.c.StandardService - [log,173] - Stopping service [Tomcat]
2025-09-17 15:01:02.731 [background-preinit] INFO  o.h.v.i.util.Version - [<clinit>,21] - HV000001: Hibernate Validator 6.2.5.Final
2025-09-17 15:01:02.737 [main] INFO  c.h.HsmyApplication - [logStarting,55] - Starting HsmyApplication using Java 1.8.0_201 on USER-20201216BR with PID 23940 (F:\ftxy_project\HSMY\target\classes started by Administrator in F:\ftxy_project\HSMY)
2025-09-17 15:01:02.739 [main] INFO  c.h.HsmyApplication - [logStartupProfileInfo,637] - The following 1 profile is active: "dev"
2025-09-17 15:01:06.153 [main] INFO  o.a.c.h.Http11NioProtocol - [log,173] - Initializing ProtocolHandler ["http-nio-8080"]
2025-09-17 15:01:06.157 [main] INFO  o.a.c.c.StandardService - [log,173] - Starting service [Tomcat]
2025-09-17 15:01:06.157 [main] INFO  o.a.c.c.StandardEngine - [log,173] - Starting Servlet engine: [Apache Tomcat/9.0.78]
2025-09-17 15:01:06.515 [main] INFO  o.a.c.c.C.[.[.[/api] - [log,173] - Initializing Spring embedded WebApplicationContext
2025-09-17 15:01:08.286 [main] INFO  c.a.d.s.b.a.DruidDataSourceAutoConfigure - [dataSource,55] - Init DruidDataSource
2025-09-17 15:01:09.478 [main] INFO  c.a.d.p.DruidDataSource - [init,1010] - {dataSource-1} inited
2025-09-17 15:01:11.997 [main] INFO  c.a.d.p.DruidDataSource - [close,2170] - {dataSource-1} closing ...
2025-09-17 15:01:12.007 [main] INFO  c.a.d.p.DruidDataSource - [close,2243] - {dataSource-1} closed
2025-09-17 15:01:12.088 [main] INFO  o.a.c.c.StandardService - [log,173] - Stopping service [Tomcat]
2025-09-17 15:02:39.989 [background-preinit] INFO  o.h.v.i.util.Version - [<clinit>,21] - HV000001: Hibernate Validator 6.2.5.Final
2025-09-17 15:02:40.001 [main] INFO  c.h.HsmyApplication - [logStarting,55] - Starting HsmyApplication using Java 1.8.0_201 on USER-20201216BR with PID 26400 (F:\ftxy_project\HSMY\target\classes started by Administrator in F:\ftxy_project\HSMY)
2025-09-17 15:02:40.002 [main] INFO  c.h.HsmyApplication - [logStartupProfileInfo,637] - The following 1 profile is active: "dev"
2025-09-17 15:02:41.925 [main] INFO  o.a.c.h.Http11NioProtocol - [log,173] - Initializing ProtocolHandler ["http-nio-8080"]
2025-09-17 15:02:41.928 [main] INFO  o.a.c.c.StandardService - [log,173] - Starting service [Tomcat]
2025-09-17 15:02:41.928 [main] INFO  o.a.c.c.StandardEngine - [log,173] - Starting Servlet engine: [Apache Tomcat/9.0.78]
2025-09-17 15:02:42.197 [main] INFO  o.a.c.c.C.[.[.[/api] - [log,173] - Initializing Spring embedded WebApplicationContext
2025-09-17 15:02:43.054 [main] INFO  c.a.d.s.b.a.DruidDataSourceAutoConfigure - [dataSource,55] - Init DruidDataSource
2025-09-17 15:02:44.918 [main] INFO  c.a.d.p.DruidDataSource - [init,1010] - {dataSource-1} inited
2025-09-17 15:02:46.666 [main] INFO  c.a.d.p.DruidDataSource - [close,2170] - {dataSource-1} closing ...
2025-09-17 15:02:46.677 [main] INFO  c.a.d.p.DruidDataSource - [close,2243] - {dataSource-1} closed
2025-09-17 15:02:46.737 [main] INFO  o.a.c.c.StandardService - [log,173] - Stopping service [Tomcat]
2025-09-17 15:03:55.223 [background-preinit] INFO  o.h.v.i.util.Version - [<clinit>,21] - HV000001: Hibernate Validator 6.2.5.Final
2025-09-17 15:03:55.232 [main] INFO  c.h.HsmyApplication - [logStarting,55] - Starting HsmyApplication using Java 1.8.0_201 on USER-20201216BR with PID 26412 (F:\ftxy_project\HSMY\target\classes started by Administrator in F:\ftxy_project\HSMY)
2025-09-17 15:03:55.235 [main] INFO  c.h.HsmyApplication - [logStartupProfileInfo,637] - The following 1 profile is active: "dev"
2025-09-17 15:03:57.254 [main] INFO  o.a.c.h.Http11NioProtocol - [log,173] - Initializing ProtocolHandler ["http-nio-8080"]
2025-09-17 15:03:57.257 [main] INFO  o.a.c.c.StandardService - [log,173] - Starting service [Tomcat]
2025-09-17 15:03:57.257 [main] INFO  o.a.c.c.StandardEngine - [log,173] - Starting Servlet engine: [Apache Tomcat/9.0.78]
2025-09-17 15:03:57.480 [main] INFO  o.a.c.c.C.[.[.[/api] - [log,173] - Initializing Spring embedded WebApplicationContext
2025-09-17 15:03:58.336 [main] INFO  c.a.d.s.b.a.DruidDataSourceAutoConfigure - [dataSource,55] - Init DruidDataSource
2025-09-17 15:03:59.040 [main] INFO  c.a.d.p.DruidDataSource - [init,1010] - {dataSource-1} inited
2025-09-17 15:04:01.622 [main] INFO  o.a.c.h.Http11NioProtocol - [log,173] - Starting ProtocolHandler ["http-nio-8080"]
2025-09-17 15:04:01.735 [main] INFO  c.h.HsmyApplication - [logStarted,61] - Started HsmyApplication in 7.172 seconds (JVM running for 8.672)
2025-09-17 15:04:46.305 [http-nio-8080-exec-2] INFO  o.a.c.c.C.[.[.[/api] - [log,173] - Initializing Spring DispatcherServlet 'dispatcherServlet'
2025-09-17 15:04:46.305 [http-nio-8080-exec-2] INFO  o.s.w.s.DispatcherServlet - [initServletBean,525] - Initializing Servlet 'dispatcherServlet'
2025-09-17 15:04:46.307 [http-nio-8080-exec-2] INFO  o.s.w.s.DispatcherServlet - [initServletBean,547] - Completed initialization in 2 ms
2025-09-17 15:12:53.262 [SpringApplicationShutdownHook] INFO  c.a.d.p.DruidDataSource - [close,2170] - {dataSource-1} closing ...
2025-09-17 15:12:53.350 [SpringApplicationShutdownHook] INFO  c.a.d.p.DruidDataSource - [close,2243] - {dataSource-1} closed
2025-09-17 15:13:07.915 [background-preinit] INFO  o.h.v.i.util.Version - [<clinit>,21] - HV000001: Hibernate Validator 6.2.5.Final
2025-09-17 15:13:07.923 [main] INFO  c.h.HsmyApplication - [logStarting,55] - Starting HsmyApplication using Java 1.8.0_201 on USER-20201216BR with PID 1152 (F:\ftxy_project\HSMY\target\classes started by Administrator in F:\ftxy_project\HSMY)
2025-09-17 15:13:07.924 [main] INFO  c.h.HsmyApplication - [logStartupProfileInfo,637] - The following 1 profile is active: "dev"
2025-09-17 15:13:12.735 [main] INFO  o.a.c.h.Http11NioProtocol - [log,173] - Initializing ProtocolHandler ["http-nio-8080"]
2025-09-17 15:13:12.738 [main] INFO  o.a.c.c.StandardService - [log,173] - Starting service [Tomcat]
2025-09-17 15:13:12.738 [main] INFO  o.a.c.c.StandardEngine - [log,173] - Starting Servlet engine: [Apache Tomcat/9.0.78]
2025-09-17 15:13:13.065 [main] INFO  o.a.c.c.C.[.[.[/api] - [log,173] - Initializing Spring embedded WebApplicationContext
2025-09-17 15:13:14.291 [main] INFO  c.a.d.s.b.a.DruidDataSourceAutoConfigure - [dataSource,55] - Init DruidDataSource
2025-09-17 15:13:14.989 [main] INFO  c.a.d.p.DruidDataSource - [init,1010] - {dataSource-1} inited
2025-09-17 15:13:17.238 [main] INFO  o.a.c.h.Http11NioProtocol - [log,173] - Starting ProtocolHandler ["http-nio-8080"]
2025-09-17 15:13:17.365 [main] INFO  c.h.HsmyApplication - [logStarted,61] - Started HsmyApplication in 10.699 seconds (JVM running for 13.198)
2025-09-17 15:13:34.485 [http-nio-8080-exec-1] INFO  o.a.c.c.C.[.[.[/api] - [log,173] - Initializing Spring DispatcherServlet 'dispatcherServlet'
2025-09-17 15:13:34.485 [http-nio-8080-exec-1] INFO  o.s.w.s.DispatcherServlet - [initServletBean,525] - Initializing Servlet 'dispatcherServlet'
2025-09-17 15:13:34.487 [http-nio-8080-exec-1] INFO  o.s.w.s.DispatcherServlet - [initServletBean,547] - Completed initialization in 2 ms
2025-09-17 15:17:39.573 [SpringApplicationShutdownHook] INFO  c.a.d.p.DruidDataSource - [close,2170] - {dataSource-1} closing ...
2025-09-17 15:17:39.586 [SpringApplicationShutdownHook] INFO  c.a.d.p.DruidDataSource - [close,2243] - {dataSource-1} closed
2025-09-17 15:18:13.425 [background-preinit] INFO  o.h.v.i.util.Version - [<clinit>,21] - HV000001: Hibernate Validator 6.2.5.Final
2025-09-17 15:18:13.434 [main] INFO  c.h.HsmyApplication - [logStarting,55] - Starting HsmyApplication using Java 1.8.0_201 on USER-20201216BR with PID 7312 (F:\ftxy_project\HSMY\target\classes started by Administrator in F:\ftxy_project\HSMY)
2025-09-17 15:18:13.436 [main] INFO  c.h.HsmyApplication - [logStartupProfileInfo,637] - The following 1 profile is active: "dev"
2025-09-17 15:18:16.707 [main] INFO  o.a.c.h.Http11NioProtocol - [log,173] - Initializing ProtocolHandler ["http-nio-8080"]
2025-09-17 15:18:16.710 [main] INFO  o.a.c.c.StandardService - [log,173] - Starting service [Tomcat]
2025-09-17 15:18:16.710 [main] INFO  o.a.c.c.StandardEngine - [log,173] - Starting Servlet engine: [Apache Tomcat/9.0.78]
2025-09-17 15:18:17.010 [main] INFO  o.a.c.c.C.[.[.[/api] - [log,173] - Initializing Spring embedded WebApplicationContext
2025-09-17 15:18:18.327 [main] INFO  c.a.d.s.b.a.DruidDataSourceAutoConfigure - [dataSource,55] - Init DruidDataSource
2025-09-17 15:18:18.977 [main] INFO  c.a.d.p.DruidDataSource - [init,1010] - {dataSource-1} inited
2025-09-17 15:18:21.882 [main] INFO  o.a.c.h.Http11NioProtocol - [log,173] - Starting ProtocolHandler ["http-nio-8080"]
2025-09-17 15:18:22.008 [main] INFO  c.h.HsmyApplication - [logStarted,61] - Started HsmyApplication in 9.292 seconds (JVM running for 10.933)
2025-09-17 15:18:38.454 [http-nio-8080-exec-2] INFO  o.a.c.c.C.[.[.[/api] - [log,173] - Initializing Spring DispatcherServlet 'dispatcherServlet'
2025-09-17 15:18:38.454 [http-nio-8080-exec-2] INFO  o.s.w.s.DispatcherServlet - [initServletBean,525] - Initializing Servlet 'dispatcherServlet'
2025-09-17 15:18:38.456 [http-nio-8080-exec-2] INFO  o.s.w.s.DispatcherServlet - [initServletBean,547] - Completed initialization in 2 ms
2025-09-17 15:18:41.505 [http-nio-8080-exec-2] INFO  c.h.s.i.VerificationCodeServiceImpl - [sendToAccount,178] - 【降级处理】验证码发送到17688701791(phone): 264464
2025-09-17 15:18:41.506 [http-nio-8080-exec-2] INFO  c.h.s.i.VerificationCodeServiceImpl - [sendCode,84] - 验证码发送成功，account: 17688701791, code: 264464
2025-09-17 15:20:39.562 [http-nio-8080-exec-8] INFO  c.h.s.i.SessionServiceImpl - [createSession,69] - 创建Session成功，userId: 1968213494687993856, username: 1706, sessionId: bbfa115f2f0b4f66b49bac8c3e9dd40b_1758093639527, loginIp: 0:0:0:0:0:0:0:1
2025-09-17 15:20:39.565 [http-nio-8080-exec-8] INFO  c.h.c.a.AuthController - [registerByCode,133] - 用户通过验证码注册成功，userId: 1968213494687993856, account: 17688701791
2025-09-17 16:31:11.595 [SpringApplicationShutdownHook] INFO  c.a.d.p.DruidDataSource - [close,2170] - {dataSource-1} closing ...
2025-09-17 16:31:12.362 [SpringApplicationShutdownHook] INFO  c.a.d.p.DruidDataSource - [close,2243] - {dataSource-1} closed
2025-09-17 17:07:21.895 [background-preinit] INFO  o.h.v.i.util.Version - [<clinit>,21] - HV000001: Hibernate Validator 6.2.5.Final
2025-09-17 17:07:21.909 [main] INFO  c.h.HsmyApplication - [logStarting,55] - Starting HsmyApplication using Java 1.8.0_201 on USER-20201216BR with PID 26692 (F:\ftxy_project\HSMY\target\classes started by Administrator in F:\ftxy_project\HSMY)
2025-09-17 17:07:21.911 [main] INFO  c.h.HsmyApplication - [logStartupProfileInfo,637] - The following 1 profile is active: "dev"
2025-09-17 17:07:28.046 [main] INFO  o.a.c.h.Http11NioProtocol - [log,173] - Initializing ProtocolHandler ["http-nio-8080"]
2025-09-17 17:07:28.050 [main] INFO  o.a.c.c.StandardService - [log,173] - Starting service [Tomcat]
2025-09-17 17:07:28.051 [main] INFO  o.a.c.c.StandardEngine - [log,173] - Starting Servlet engine: [Apache Tomcat/9.0.78]
2025-09-17 17:07:28.474 [main] INFO  o.a.c.c.C.[.[.[/api] - [log,173] - Initializing Spring embedded WebApplicationContext
2025-09-17 17:07:29.652 [main] INFO  c.a.d.s.b.a.DruidDataSourceAutoConfigure - [dataSource,55] - Init DruidDataSource
2025-09-17 17:07:30.828 [main] INFO  c.a.d.p.DruidDataSource - [init,1010] - {dataSource-1} inited
2025-09-17 17:07:33.934 [main] INFO  o.a.c.h.Http11NioProtocol - [log,173] - Starting ProtocolHandler ["http-nio-8080"]
2025-09-17 17:07:34.029 [main] INFO  c.h.HsmyApplication - [logStarted,61] - Started HsmyApplication in 13.062 seconds (JVM running for 16.049)
2025-09-17 17:08:11.689 [http-nio-8080-exec-2] INFO  o.a.c.c.C.[.[.[/api] - [log,173] - Initializing Spring DispatcherServlet 'dispatcherServlet'
2025-09-17 17:08:11.689 [http-nio-8080-exec-2] INFO  o.s.w.s.DispatcherServlet - [initServletBean,525] - Initializing Servlet 'dispatcherServlet'
2025-09-17 17:08:11.692 [http-nio-8080-exec-2] INFO  o.s.w.s.DispatcherServlet - [initServletBean,547] - Completed initialization in 3 ms
